<?xml version="1.0" encoding="UTF-8"?>
<testsuite xmlns:xsi="http://www.w3.org/2001/XMLSchema-instance" xsi:noNamespaceSchemaLocation="https://maven.apache.org/surefire/maven-surefire-plugin/xsd/surefire-test-report-3.0.xsd" version="3.0" name="com.nhlstenden.JabberPoint.loader.XmlParseTest" time="0.019" tests="2" errors="0" skipped="0" failures="0">
  <properties>
    <property name="java.specification.version" value="19"/>
    <property name="sun.jnu.encoding" value="UTF-8"/>
    <property name="java.class.path" value="/Users/dtg/Desktop/Jabberpoint-main/target/test-classes:/Users/dtg/Desktop/Jabberpoint-main/target/classes:/Users/dtg/.m2/repository/junit/junit/4.13.2/junit-4.13.2.jar:/Users/dtg/.m2/repository/org/hamcrest/hamcrest-core/1.3/hamcrest-core-1.3.jar:/Users/dtg/.m2/repository/org/junit/jupiter/junit-jupiter/5.11.0-M2/junit-jupiter-5.11.0-M2.jar:/Users/dtg/.m2/repository/org/junit/jupiter/junit-jupiter-api/5.11.0-M2/junit-jupiter-api-5.11.0-M2.jar:/Users/dtg/.m2/repository/org/opentest4j/opentest4j/1.3.0/opentest4j-1.3.0.jar:/Users/dtg/.m2/repository/org/junit/platform/junit-platform-commons/1.11.0-M2/junit-platform-commons-1.11.0-M2.jar:/Users/dtg/.m2/repository/org/apiguardian/apiguardian-api/1.1.2/apiguardian-api-1.1.2.jar:/Users/dtg/.m2/repository/org/junit/jupiter/junit-jupiter-params/5.11.0-M2/junit-jupiter-params-5.11.0-M2.jar:/Users/dtg/.m2/repository/org/junit/jupiter/junit-jupiter-engine/5.11.0-M2/junit-jupiter-engine-5.11.0-M2.jar:/Users/dtg/.m2/repository/org/junit/platform/junit-platform-engine/1.11.0-M2/junit-platform-engine-1.11.0-M2.jar:/Users/dtg/.m2/repository/net/revelc/code/formatter/formatter-maven-plugin/2.23.0/formatter-maven-plugin-2.23.0.jar:/Users/dtg/.m2/repository/com/fasterxml/jackson/core/jackson-annotations/2.15.2/jackson-annotations-2.15.2.jar:/Users/dtg/.m2/repository/com/fasterxml/jackson/core/jackson-core/2.15.2/jackson-core-2.15.2.jar:/Users/dtg/.m2/repository/com/fasterxml/jackson/core/jackson-databind/2.15.2/jackson-databind-2.15.2.jar:/Users/dtg/.m2/repository/com/google/guava/guava/32.0.0-jre/guava-32.0.0-jre.jar:/Users/dtg/.m2/repository/com/google/guava/failureaccess/1.0.1/failureaccess-1.0.1.jar:/Users/dtg/.m2/repository/com/google/guava/listenablefuture/9999.0-empty-to-avoid-conflict-with-guava/listenablefuture-9999.0-empty-to-avoid-conflict-with-guava.jar:/Users/dtg/.m2/repository/com/google/code/findbugs/jsr305/3.0.2/jsr305-3.0.2.jar:/Users/dtg/.m2/repository/org/checkerframework/checker-qual/3.33.0/checker-qual-3.33.0.jar:/Users/dtg/.m2/repository/com/google/errorprone/error_prone_annotations/2.18.0/error_prone_annotations-2.18.0.jar:/Users/dtg/.m2/repository/com/google/j2objc/j2objc-annotations/2.8/j2objc-annotations-2.8.jar:/Users/dtg/.m2/repository/commons-beanutils/commons-beanutils/1.9.4/commons-beanutils-1.9.4.jar:/Users/dtg/.m2/repository/commons-collections/commons-collections/3.2.2/commons-collections-3.2.2.jar:/Users/dtg/.m2/repository/net/revelc/code/formatter/jsdt-core/3.3.0/jsdt-core-3.3.0.jar:/Users/dtg/.m2/repository/org/osgi/org.osgi.service.prefs/1.1.2/org.osgi.service.prefs-1.1.2.jar:/Users/dtg/.m2/repository/org/osgi/osgi.annotation/8.0.1/osgi.annotation-8.0.1.jar:/Users/dtg/.m2/repository/org/osgi/org.osgi.util.function/1.2.0/org.osgi.util.function-1.2.0.jar:/Users/dtg/.m2/repository/org/osgi/org.osgi.util.promise/1.2.0/org.osgi.util.promise-1.2.0.jar:/Users/dtg/.m2/repository/org/osgi/org.osgi.util.measurement/1.0.2/org.osgi.util.measurement-1.0.2.jar:/Users/dtg/.m2/repository/org/osgi/org.osgi.util.position/1.0.1/org.osgi.util.position-1.0.1.jar:/Users/dtg/.m2/repository/org/osgi/org.osgi.util.xml/1.0.2/org.osgi.util.xml-1.0.2.jar:/Users/dtg/.m2/repository/net/revelc/code/formatter/xml-formatter/0.3.0/xml-formatter-0.3.0.jar:/Users/dtg/.m2/repository/net/sourceforge/cssparser/cssparser/0.9.30/cssparser-0.9.30.jar:/Users/dtg/.m2/repository/org/apache/commons/commons-digester3/3.2/commons-digester3-3.2.jar:/Users/dtg/.m2/repository/cglib/cglib/2.2.2/cglib-2.2.2.jar:/Users/dtg/.m2/repository/asm/asm/3.3.1/asm-3.3.1.jar:/Users/dtg/.m2/repository/org/codehaus/plexus/plexus-resources/1.2.0/plexus-resources-1.2.0.jar:/Users/dtg/.m2/repository/javax/inject/javax.inject/1/javax.inject-1.jar:/Users/dtg/.m2/repository/org/slf4j/slf4j-api/1.7.32/slf4j-api-1.7.32.jar:/Users/dtg/.m2/repository/org/codehaus/plexus/plexus-utils/4.0.0/plexus-utils-4.0.0.jar:/Users/dtg/.m2/repository/org/eclipse/jdt/org.eclipse.jdt.core/3.33.0/org.eclipse.jdt.core-3.33.0.jar:/Users/dtg/.m2/repository/org/eclipse/platform/org.eclipse.core.resources/3.18.200/org.eclipse.core.resources-3.18.200.jar:/Users/dtg/.m2/repository/org/eclipse/platform/org.eclipse.core.expressions/3.8.200/org.eclipse.core.expressions-3.8.200.jar:/Users/dtg/.m2/repository/org/eclipse/platform/org.eclipse.osgi/3.18.300/org.eclipse.osgi-3.18.300.jar:/Users/dtg/.m2/repository/org/eclipse/platform/org.eclipse.core.runtime/3.26.100/org.eclipse.core.runtime-3.26.100.jar:/Users/dtg/.m2/repository/org/eclipse/platform/org.eclipse.equinox.common/3.17.0/org.eclipse.equinox.common-3.17.0.jar:/Users/dtg/.m2/repository/org/eclipse/platform/org.eclipse.core.jobs/3.13.200/org.eclipse.core.jobs-3.13.200.jar:/Users/dtg/.m2/repository/org/eclipse/platform/org.eclipse.equinox.registry/3.11.200/org.eclipse.equinox.registry-3.11.200.jar:/Users/dtg/.m2/repository/org/eclipse/platform/org.eclipse.equinox.preferences/3.10.100/org.eclipse.equinox.preferences-3.10.100.jar:/Users/dtg/.m2/repository/org/eclipse/platform/org.eclipse.core.contenttype/3.8.200/org.eclipse.core.contenttype-3.8.200.jar:/Users/dtg/.m2/repository/org/eclipse/platform/org.eclipse.equinox.app/1.6.200/org.eclipse.equinox.app-1.6.200.jar:/Users/dtg/.m2/repository/org/eclipse/platform/org.eclipse.core.filesystem/1.9.500/org.eclipse.core.filesystem-1.9.500.jar:/Users/dtg/.m2/repository/org/eclipse/platform/org.eclipse.text/3.12.300/org.eclipse.text-3.12.300.jar:/Users/dtg/.m2/repository/org/eclipse/platform/org.eclipse.core.commands/3.10.300/org.eclipse.core.commands-3.10.300.jar:/Users/dtg/.m2/repository/org/eclipse/jdt/ecj/3.33.0/ecj-3.33.0.jar:/Users/dtg/.m2/repository/org/jsoup/jsoup/1.16.1/jsoup-1.16.1.jar:/Users/dtg/.m2/repository/org/slf4j/jcl-over-slf4j/2.0.7/jcl-over-slf4j-2.0.7.jar:/Users/dtg/.m2/repository/org/w3c/css/sac/1.3/sac-1.3.jar:/Users/dtg/.m2/repository/org/mockito/mockito-core/5.12.0/mockito-core-5.12.0.jar:/Users/dtg/.m2/repository/net/bytebuddy/byte-buddy/1.14.15/byte-buddy-1.14.15.jar:/Users/dtg/.m2/repository/net/bytebuddy/byte-buddy-agent/1.14.15/byte-buddy-agent-1.14.15.jar:/Users/dtg/.m2/repository/org/objenesis/objenesis/3.3/objenesis-3.3.jar:/Users/dtg/.m2/repository/org/jacoco/jacoco-maven-plugin/0.8.12/jacoco-maven-plugin-0.8.12.jar:/Users/dtg/.m2/repository/org/apache/maven/shared/file-management/3.1.0/file-management-3.1.0.jar:/Users/dtg/.m2/repository/commons-io/commons-io/2.11.0/commons-io-2.11.0.jar:/Users/dtg/.m2/repository/org/apache/maven/reporting/maven-reporting-api/3.0/maven-reporting-api-3.0.jar:/Users/dtg/.m2/repository/org/apache/maven/doxia/doxia-sink-api/1.0/doxia-sink-api-1.0.jar:/Users/dtg/.m2/repository/org/jacoco/org.jacoco.agent/0.8.12/org.jacoco.agent-0.8.12-runtime.jar:/Users/dtg/.m2/repository/org/jacoco/org.jacoco.core/0.8.12/org.jacoco.core-0.8.12.jar:/Users/dtg/.m2/repository/org/ow2/asm/asm/9.7/asm-9.7.jar:/Users/dtg/.m2/repository/org/ow2/asm/asm-commons/9.7/asm-commons-9.7.jar:/Users/dtg/.m2/repository/org/ow2/asm/asm-tree/9.7/asm-tree-9.7.jar:/Users/dtg/.m2/repository/org/jacoco/org.jacoco.report/0.8.12/org.jacoco.report-0.8.12.jar:/Users/dtg/.m2/repository/org/junit/contrib/junit-theories/5.0-alpha-3/junit-theories-5.0-alpha-3.jar:/Users/dtg/.m2/repository/org/javaruntype/javaruntype/1.2/javaruntype-1.2.jar:/Users/dtg/.m2/repository/org/antlr/antlr-runtime/3.1.2/antlr-runtime-3.1.2.jar:"/>
    <property name="sun.awt.enableExtraMouseButtons" value="true"/>
    <property name="java.vm.vendor" value="Oracle Corporation"/>
    <property name="sun.arch.data.model" value="64"/>
    <property name="java.vendor.url" value="https://java.oracle.com/"/>
    <property name="user.timezone" value="Europe/Amsterdam"/>
    <property name="os.name" value="Mac OS X"/>
    <property name="java.vm.specification.version" value="19"/>
    <property name="sun.java.launcher" value="SUN_STANDARD"/>
    <property name="user.country" value="CN"/>
    <property name="sun.boot.library.path" value="/Library/Java/JavaVirtualMachines/jdk-19.jdk/Contents/Home/lib"/>
    <property name="sun.java.command" value="/Users/dtg/Desktop/Jabberpoint-main/target/surefire/surefirebooter17779996166427951065.jar /Users/dtg/Desktop/Jabberpoint-main/target/surefire 2024-06-05T21-19-29_255-jvmRun1 surefire10532429619554506655tmp surefire_013521687065206790730tmp"/>
    <property name="http.nonProxyHosts" value="local|*.local|169.254/16|*.169.254/16"/>
    <property name="jdk.debug" value="release"/>
    <property name="surefire.test.class.path" value="/Users/dtg/Desktop/Jabberpoint-main/target/test-classes:/Users/dtg/Desktop/Jabberpoint-main/target/classes:/Users/dtg/.m2/repository/junit/junit/4.13.2/junit-4.13.2.jar:/Users/dtg/.m2/repository/org/hamcrest/hamcrest-core/1.3/hamcrest-core-1.3.jar:/Users/dtg/.m2/repository/org/junit/jupiter/junit-jupiter/5.11.0-M2/junit-jupiter-5.11.0-M2.jar:/Users/dtg/.m2/repository/org/junit/jupiter/junit-jupiter-api/5.11.0-M2/junit-jupiter-api-5.11.0-M2.jar:/Users/dtg/.m2/repository/org/opentest4j/opentest4j/1.3.0/opentest4j-1.3.0.jar:/Users/dtg/.m2/repository/org/junit/platform/junit-platform-commons/1.11.0-M2/junit-platform-commons-1.11.0-M2.jar:/Users/dtg/.m2/repository/org/apiguardian/apiguardian-api/1.1.2/apiguardian-api-1.1.2.jar:/Users/dtg/.m2/repository/org/junit/jupiter/junit-jupiter-params/5.11.0-M2/junit-jupiter-params-5.11.0-M2.jar:/Users/dtg/.m2/repository/org/junit/jupiter/junit-jupiter-engine/5.11.0-M2/junit-jupiter-engine-5.11.0-M2.jar:/Users/dtg/.m2/repository/org/junit/platform/junit-platform-engine/1.11.0-M2/junit-platform-engine-1.11.0-M2.jar:/Users/dtg/.m2/repository/net/revelc/code/formatter/formatter-maven-plugin/2.23.0/formatter-maven-plugin-2.23.0.jar:/Users/dtg/.m2/repository/com/fasterxml/jackson/core/jackson-annotations/2.15.2/jackson-annotations-2.15.2.jar:/Users/dtg/.m2/repository/com/fasterxml/jackson/core/jackson-core/2.15.2/jackson-core-2.15.2.jar:/Users/dtg/.m2/repository/com/fasterxml/jackson/core/jackson-databind/2.15.2/jackson-databind-2.15.2.jar:/Users/dtg/.m2/repository/com/google/guava/guava/32.0.0-jre/guava-32.0.0-jre.jar:/Users/dtg/.m2/repository/com/google/guava/failureaccess/1.0.1/failureaccess-1.0.1.jar:/Users/dtg/.m2/repository/com/google/guava/listenablefuture/9999.0-empty-to-avoid-conflict-with-guava/listenablefuture-9999.0-empty-to-avoid-conflict-with-guava.jar:/Users/dtg/.m2/repository/com/google/code/findbugs/jsr305/3.0.2/jsr305-3.0.2.jar:/Users/dtg/.m2/repository/org/checkerframework/checker-qual/3.33.0/checker-qual-3.33.0.jar:/Users/dtg/.m2/repository/com/google/errorprone/error_prone_annotations/2.18.0/error_prone_annotations-2.18.0.jar:/Users/dtg/.m2/repository/com/google/j2objc/j2objc-annotations/2.8/j2objc-annotations-2.8.jar:/Users/dtg/.m2/repository/commons-beanutils/commons-beanutils/1.9.4/commons-beanutils-1.9.4.jar:/Users/dtg/.m2/repository/commons-collections/commons-collections/3.2.2/commons-collections-3.2.2.jar:/Users/dtg/.m2/repository/net/revelc/code/formatter/jsdt-core/3.3.0/jsdt-core-3.3.0.jar:/Users/dtg/.m2/repository/org/osgi/org.osgi.service.prefs/1.1.2/org.osgi.service.prefs-1.1.2.jar:/Users/dtg/.m2/repository/org/osgi/osgi.annotation/8.0.1/osgi.annotation-8.0.1.jar:/Users/dtg/.m2/repository/org/osgi/org.osgi.util.function/1.2.0/org.osgi.util.function-1.2.0.jar:/Users/dtg/.m2/repository/org/osgi/org.osgi.util.promise/1.2.0/org.osgi.util.promise-1.2.0.jar:/Users/dtg/.m2/repository/org/osgi/org.osgi.util.measurement/1.0.2/org.osgi.util.measurement-1.0.2.jar:/Users/dtg/.m2/repository/org/osgi/org.osgi.util.position/1.0.1/org.osgi.util.position-1.0.1.jar:/Users/dtg/.m2/repository/org/osgi/org.osgi.util.xml/1.0.2/org.osgi.util.xml-1.0.2.jar:/Users/dtg/.m2/repository/net/revelc/code/formatter/xml-formatter/0.3.0/xml-formatter-0.3.0.jar:/Users/dtg/.m2/repository/net/sourceforge/cssparser/cssparser/0.9.30/cssparser-0.9.30.jar:/Users/dtg/.m2/repository/org/apache/commons/commons-digester3/3.2/commons-digester3-3.2.jar:/Users/dtg/.m2/repository/cglib/cglib/2.2.2/cglib-2.2.2.jar:/Users/dtg/.m2/repository/asm/asm/3.3.1/asm-3.3.1.jar:/Users/dtg/.m2/repository/org/codehaus/plexus/plexus-resources/1.2.0/plexus-resources-1.2.0.jar:/Users/dtg/.m2/repository/javax/inject/javax.inject/1/javax.inject-1.jar:/Users/dtg/.m2/repository/org/slf4j/slf4j-api/1.7.32/slf4j-api-1.7.32.jar:/Users/dtg/.m2/repository/org/codehaus/plexus/plexus-utils/4.0.0/plexus-utils-4.0.0.jar:/Users/dtg/.m2/repository/org/eclipse/jdt/org.eclipse.jdt.core/3.33.0/org.eclipse.jdt.core-3.33.0.jar:/Users/dtg/.m2/repository/org/eclipse/platform/org.eclipse.core.resources/3.18.200/org.eclipse.core.resources-3.18.200.jar:/Users/dtg/.m2/repository/org/eclipse/platform/org.eclipse.core.expressions/3.8.200/org.eclipse.core.expressions-3.8.200.jar:/Users/dtg/.m2/repository/org/eclipse/platform/org.eclipse.osgi/3.18.300/org.eclipse.osgi-3.18.300.jar:/Users/dtg/.m2/repository/org/eclipse/platform/org.eclipse.core.runtime/3.26.100/org.eclipse.core.runtime-3.26.100.jar:/Users/dtg/.m2/repository/org/eclipse/platform/org.eclipse.equinox.common/3.17.0/org.eclipse.equinox.common-3.17.0.jar:/Users/dtg/.m2/repository/org/eclipse/platform/org.eclipse.core.jobs/3.13.200/org.eclipse.core.jobs-3.13.200.jar:/Users/dtg/.m2/repository/org/eclipse/platform/org.eclipse.equinox.registry/3.11.200/org.eclipse.equinox.registry-3.11.200.jar:/Users/dtg/.m2/repository/org/eclipse/platform/org.eclipse.equinox.preferences/3.10.100/org.eclipse.equinox.preferences-3.10.100.jar:/Users/dtg/.m2/repository/org/eclipse/platform/org.eclipse.core.contenttype/3.8.200/org.eclipse.core.contenttype-3.8.200.jar:/Users/dtg/.m2/repository/org/eclipse/platform/org.eclipse.equinox.app/1.6.200/org.eclipse.equinox.app-1.6.200.jar:/Users/dtg/.m2/repository/org/eclipse/platform/org.eclipse.core.filesystem/1.9.500/org.eclipse.core.filesystem-1.9.500.jar:/Users/dtg/.m2/repository/org/eclipse/platform/org.eclipse.text/3.12.300/org.eclipse.text-3.12.300.jar:/Users/dtg/.m2/repository/org/eclipse/platform/org.eclipse.core.commands/3.10.300/org.eclipse.core.commands-3.10.300.jar:/Users/dtg/.m2/repository/org/eclipse/jdt/ecj/3.33.0/ecj-3.33.0.jar:/Users/dtg/.m2/repository/org/jsoup/jsoup/1.16.1/jsoup-1.16.1.jar:/Users/dtg/.m2/repository/org/slf4j/jcl-over-slf4j/2.0.7/jcl-over-slf4j-2.0.7.jar:/Users/dtg/.m2/repository/org/w3c/css/sac/1.3/sac-1.3.jar:/Users/dtg/.m2/repository/org/mockito/mockito-core/5.12.0/mockito-core-5.12.0.jar:/Users/dtg/.m2/repository/net/bytebuddy/byte-buddy/1.14.15/byte-buddy-1.14.15.jar:/Users/dtg/.m2/repository/net/bytebuddy/byte-buddy-agent/1.14.15/byte-buddy-agent-1.14.15.jar:/Users/dtg/.m2/repository/org/objenesis/objenesis/3.3/objenesis-3.3.jar:/Users/dtg/.m2/repository/org/jacoco/jacoco-maven-plugin/0.8.12/jacoco-maven-plugin-0.8.12.jar:/Users/dtg/.m2/repository/org/apache/maven/shared/file-management/3.1.0/file-management-3.1.0.jar:/Users/dtg/.m2/repository/commons-io/commons-io/2.11.0/commons-io-2.11.0.jar:/Users/dtg/.m2/repository/org/apache/maven/reporting/maven-reporting-api/3.0/maven-reporting-api-3.0.jar:/Users/dtg/.m2/repository/org/apache/maven/doxia/doxia-sink-api/1.0/doxia-sink-api-1.0.jar:/Users/dtg/.m2/repository/org/jacoco/org.jacoco.agent/0.8.12/org.jacoco.agent-0.8.12-runtime.jar:/Users/dtg/.m2/repository/org/jacoco/org.jacoco.core/0.8.12/org.jacoco.core-0.8.12.jar:/Users/dtg/.m2/repository/org/ow2/asm/asm/9.7/asm-9.7.jar:/Users/dtg/.m2/repository/org/ow2/asm/asm-commons/9.7/asm-commons-9.7.jar:/Users/dtg/.m2/repository/org/ow2/asm/asm-tree/9.7/asm-tree-9.7.jar:/Users/dtg/.m2/repository/org/jacoco/org.jacoco.report/0.8.12/org.jacoco.report-0.8.12.jar:/Users/dtg/.m2/repository/org/junit/contrib/junit-theories/5.0-alpha-3/junit-theories-5.0-alpha-3.jar:/Users/dtg/.m2/repository/org/javaruntype/javaruntype/1.2/javaruntype-1.2.jar:/Users/dtg/.m2/repository/org/antlr/antlr-runtime/3.1.2/antlr-runtime-3.1.2.jar:"/>
    <property name="sun.cpu.endian" value="little"/>
    <property name="user.home" value="/Users/dtg"/>
    <property name="user.language" value="en"/>
    <property name="java.specification.vendor" value="Oracle Corporation"/>
    <property name="java.version.date" value="2023-01-17"/>
    <property name="java.home" value="/Library/Java/JavaVirtualMachines/jdk-19.jdk/Contents/Home"/>
    <property name="file.separator" value="/"/>
    <property name="basedir" value="/Users/dtg/Desktop/Jabberpoint-main"/>
    <property name="java.vm.compressedOopsMode" value="Zero based"/>
    <property name="line.separator" value="&#10;"/>
    <property name="java.vm.specification.vendor" value="Oracle Corporation"/>
    <property name="java.specification.name" value="Java Platform API Specification"/>
    <property name="apple.awt.application.name" value="ForkedBooter"/>
    <property name="surefire.real.class.path" value="/Users/dtg/Desktop/Jabberpoint-main/target/surefire/surefirebooter17779996166427951065.jar"/>
    <property name="sun.management.compiler" value="HotSpot 64-Bit Tiered Compilers"/>
    <property name="ftp.nonProxyHosts" value="local|*.local|169.254/16|*.169.254/16"/>
    <property name="java.runtime.version" value="19.0.2+7-44"/>
    <property name="user.name" value="dtg"/>
    <property name="stdout.encoding" value="UTF-8"/>
    <property name="path.separator" value=":"/>
    <property name="os.version" value="14.4.1"/>
    <property name="java.runtime.name" value="Java(TM) SE Runtime Environment"/>
    <property name="file.encoding" value="UTF-8"/>
    <property name="java.vm.name" value="Java HotSpot(TM) 64-Bit Server VM"/>
    <property name="localRepository" value="/Users/dtg/.m2/repository"/>
    <property name="java.vendor.url.bug" value="https://bugreport.java.com/bugreport/"/>
    <property name="java.io.tmpdir" value="/var/folders/xr/0hr3s8w90t3g6m9374bckvqr0000gn/T/"/>
    <property name="idea.version" value="2022.3.3"/>
    <property name="java.version" value="19.0.2"/>
    <property name="user.dir" value="/Users/dtg/Desktop/Jabberpoint-main"/>
    <property name="os.arch" value="x86_64"/>
    <property name="java.vm.specification.name" value="Java Virtual Machine Specification"/>
    <property name="native.encoding" value="UTF-8"/>
    <property name="java.library.path" value="/Users/dtg/Library/Java/Extensions:/Library/Java/Extensions:/Network/Library/Java/Extensions:/System/Library/Java/Extensions:/usr/lib/java:."/>
    <property name="java.vm.info" value="mixed mode, sharing"/>
    <property name="stderr.encoding" value="UTF-8"/>
    <property name="java.vendor" value="Oracle Corporation"/>
    <property name="java.vm.version" value="19.0.2+7-44"/>
    <property name="sun.io.unicode.encoding" value="UnicodeBig"/>
    <property name="socksNonProxyHosts" value="local|*.local|169.254/16|*.169.254/16"/>
    <property name="java.class.version" value="63.0"/>
  </properties>
  <testcase name="testLoadXMLFile_LoadFromFile_shouldBeExcept" classname="com.nhlstenden.JabberPoint.loader.XmlParseTest" time="0.009"/>
  <testcase name="testLoadXMLFile_PartSlide_shouldBeExcept" classname="com.nhlstenden.JabberPoint.loader.XmlParseTest" time="0.007"/>
</testsuite>